2011-12-27T17:12:22+0000: [Worker(host:Mushroom pid:14059)] Starting job worker
2011-12-27T17:17:22+0000: [Worker(host:Mushroom pid:14059)] ScanNetwork failed with Timeout::Error: execution expired - 0 failed attempts
2011-12-27T17:22:22+0000: [Worker(host:Mushroom pid:14059)] ScanNetwork failed with Timeout::Error: execution expired - 0 failed attempts
2011-12-27T17:22:22+0000: [Worker(host:Mushroom pid:14059)] 2 jobs processed at 0.0033 j/s, 2 failed ...
2011-12-27T17:37:38+0000: [Worker(host:Mushroom pid:14059)] ScanNetwork failed with Timeout::Error: execution expired - 0 failed attempts
2011-12-27T17:37:38+0000: [Worker(host:Mushroom pid:14059)] 1 jobs processed at 0.0033 j/s, 1 failed ...
2011-12-27T17:38:53+0000: [Worker(host:Mushroom pid:14059)] Exiting...
2011-12-27T17:49:09+0000: [Worker(host:Mushroom pid:14981)] Starting job worker
2011-12-27T17:54:09+0000: [Worker(host:Mushroom pid:14981)] ScanNetwork failed with Timeout::Error: execution expired - 1 failed attempts
2011-12-27T17:54:25+0000: [Worker(host:Mushroom pid:14981)] Exiting...
2011-12-27T18:03:48+0000: [Worker(host:Mushroom pid:18660)] Starting job worker
2011-12-27T18:09:18+0000: [Worker(host:Mushroom pid:18660)] ScanNetwork failed with Timeout::Error: execution expired - 0 failed attempts
2011-12-27T18:09:18+0000: [Worker(host:Mushroom pid:18660)] 1 jobs processed at 0.0033 j/s, 1 failed ...
2011-12-27T18:14:28+0000: [Worker(host:Mushroom pid:18660)] ScanNetwork failed with Timeout::Error: execution expired - 1 failed attempts
2011-12-27T18:19:29+0000: [Worker(host:Mushroom pid:18660)] ScanNetwork failed with Timeout::Error: execution expired - 0 failed attempts
2011-12-27T18:19:29+0000: [Worker(host:Mushroom pid:18660)] 2 jobs processed at 0.0033 j/s, 2 failed ...
2011-12-27T18:24:39+0000: [Worker(host:Mushroom pid:18660)] ScanNetwork failed with Timeout::Error: execution expired - 1 failed attempts
2011-12-27T18:24:39+0000: [Worker(host:Mushroom pid:18660)] 1 jobs processed at 0.0033 j/s, 1 failed ...
2011-12-27T18:30:04+0000: [Worker(host:Mushroom pid:18660)] ScanNetwork failed with Timeout::Error: execution expired - 2 failed attempts
2011-12-27T18:30:04+0000: [Worker(host:Mushroom pid:18660)] PERMANENTLY removing ScanNetwork because of 3 consecutive failures.
2011-12-27T18:30:04+0000: [Worker(host:Mushroom pid:18660)] 1 jobs processed at 0.0033 j/s, 1 failed ...
2011-12-27T18:40:03+0000: [Worker(host:Mushroom pid:25537)] Starting job worker
2011-12-27T18:40:14+0000: [Worker(host:Mushroom pid:18660)] Exiting...
2011-12-27T18:40:34+0000: [Worker(host:Mushroom pid:25587)] Starting job worker
2011-12-27T18:40:39+0000: [Worker(host:Mushroom pid:25598)] Starting job worker
2011-12-27T18:40:44+0000: [Worker(host:Mushroom pid:25606)] Starting job worker
2011-12-27T18:40:49+0000: [Worker(host:Mushroom pid:25608)] Starting job worker
2011-12-27T18:40:49+0000: [Worker(host:Mushroom pid:25613)] Starting job worker
2011-12-27T18:40:54+0000: [Worker(host:Mushroom pid:25620)] Starting job worker
2011-12-27T18:40:56+0000: [Worker(host:Mushroom pid:25622)] Starting job worker
2011-12-27T18:40:59+0000: [Worker(host:Mushroom pid:25628)] Starting job worker
2011-12-27T18:41:05+0000: [Worker(host:Mushroom pid:25634)] Starting job worker
2011-12-27T18:41:10+0000: [Worker(host:Mushroom pid:25645)] Starting job worker
2011-12-27T18:41:15+0000: [Worker(host:Mushroom pid:25656)] Starting job worker
2011-12-27T18:41:20+0000: [Worker(host:Mushroom pid:25662)] Starting job worker
2011-12-27T18:41:25+0000: [Worker(host:Mushroom pid:25668)] Starting job worker
2011-12-27T18:41:30+0000: [Worker(host:Mushroom pid:25675)] Starting job worker
2011-12-27T18:41:35+0000: [Worker(host:Mushroom pid:25683)] Starting job worker
2011-12-27T18:41:40+0000: [Worker(host:Mushroom pid:25689)] Starting job worker
2011-12-27T18:41:46+0000: [Worker(host:Mushroom pid:25695)] Starting job worker
2011-12-27T18:41:51+0000: [Worker(host:Mushroom pid:25701)] Starting job worker
2011-12-27T18:41:56+0000: [Worker(host:Mushroom pid:25707)] Starting job worker
2011-12-27T18:42:01+0000: [Worker(host:Mushroom pid:25713)] Starting job worker
2011-12-27T18:42:06+0000: [Worker(host:Mushroom pid:25719)] Starting job worker
2011-12-27T18:42:11+0000: [Worker(host:Mushroom pid:25770)] Starting job worker
2011-12-27T18:42:16+0000: [Worker(host:Mushroom pid:25777)] Starting job worker
2011-12-27T18:42:21+0000: [Worker(host:Mushroom pid:25783)] Starting job worker
2011-12-27T18:42:27+0000: [Worker(host:Mushroom pid:25789)] Starting job worker
2011-12-27T18:42:32+0000: [Worker(host:Mushroom pid:25795)] Starting job worker
2011-12-27T18:42:37+0000: [Worker(host:Mushroom pid:25802)] Starting job worker
2011-12-27T18:42:42+0000: [Worker(host:Mushroom pid:25808)] Starting job worker
2011-12-27T18:47:24+0000: [Worker(host:Mushroom pid:27606)] Starting job worker
2011-12-27T18:49:44+0000: [Worker(host:Mushroom pid:27606)] Exiting...
2011-12-27T18:50:07+0000: [Worker(host:Mushroom pid:28900)] Starting job worker
2011-12-27T18:50:35+0000: [Worker(host:Mushroom pid:28900)] Exiting...
2011-12-27T18:51:00+0000: [Worker(host:Mushroom pid:28938)] Starting job worker
2011-12-27T18:51:37+0000: [Worker(host:Mushroom pid:28938)] Exiting...
2011-12-27T18:51:55+0000: [Worker(host:Mushroom pid:28972)] Starting job worker
2011-12-27T18:53:36+0000: [Worker(host:Mushroom pid:28972)] ScanNetwork failed with IOError: Error parsing XML - 0 failed attempts
2011-12-27T18:53:36+0000: [Worker(host:Mushroom pid:28972)] 1 jobs processed at 2.1989 j/s, 1 failed ...
2011-12-27T18:53:46+0000: [Worker(host:Mushroom pid:28972)] ScanNetwork failed with IOError: Error parsing XML - 1 failed attempts
2011-12-27T18:53:46+0000: [Worker(host:Mushroom pid:28972)] 1 jobs processed at 2.8469 j/s, 1 failed ...
2011-12-27T18:54:11+0000: [Worker(host:Mushroom pid:28972)] ScanNetwork failed with IOError: Error parsing XML - 2 failed attempts
2011-12-27T18:54:11+0000: [Worker(host:Mushroom pid:28972)] PERMANENTLY removing ScanNetwork because of 3 consecutive failures.
2011-12-27T18:54:12+0000: [Worker(host:Mushroom pid:28972)] 1 jobs processed at 2.9864 j/s, 1 failed ...
2011-12-27T18:54:13+0000: [Worker(host:Mushroom pid:28972)] Exiting...
2011-12-27T18:55:01+0000: [Worker(host:Mushroom pid:29120)] Starting job worker
2011-12-27T19:00:41+0000: [Worker(host:Mushroom pid:29120)] ScanNetwork failed with Timeout::Error: execution expired - 0 failed attempts
2011-12-27T19:00:41+0000: [Worker(host:Mushroom pid:29120)] 1 jobs processed at 0.0033 j/s, 1 failed ...
2011-12-27T19:00:46+0000: [Worker(host:Mushroom pid:29120)] Exiting...
2011-12-27T19:00:54+0000: [Worker(host:Mushroom pid:29246)] Starting job worker
2011-12-27T19:03:10+0000: [Worker(host:Mushroom pid:29246)] Exiting...
2011-12-27T19:08:30+0000: [Worker(host:Mushroom pid:32673)] Starting job worker
2011-12-27T19:12:29+0000: [Worker(host:Mushroom pid:32673)] Exiting...
2011-12-27T19:12:36+0000: [Worker(host:Mushroom pid:32739)] Starting job worker
2011-12-27T19:13:58+0000: [Worker(host:Mushroom pid:32739)] Exiting...
2011-12-27T19:15:26+0000: [Worker(host:Mushroom pid:32739)] Exiting...
2011-12-27T19:15:27+0000: [Worker(host:Mushroom pid:32739)] Exiting...
2011-12-27T19:15:28+0000: [Worker(host:Mushroom pid:32739)] Exiting...
2011-12-27T19:15:28+0000: [Worker(host:Mushroom pid:32739)] Exiting...
2011-12-27T19:15:28+0000: [Worker(host:Mushroom pid:32739)] Exiting...
2011-12-27T19:15:28+0000: [Worker(host:Mushroom pid:32739)] Exiting...
2011-12-27T19:15:29+0000: [Worker(host:Mushroom pid:32739)] Exiting...
2011-12-27T19:15:29+0000: [Worker(host:Mushroom pid:32739)] Exiting...
2011-12-27T19:15:29+0000: [Worker(host:Mushroom pid:32739)] Exiting...
2011-12-27T19:15:29+0000: [Worker(host:Mushroom pid:32739)] Exiting...
2011-12-27T19:15:29+0000: [Worker(host:Mushroom pid:32739)] Exiting...
2011-12-27T19:17:47+0000: [Worker(host:Mushroom pid:4335)] Starting job worker
2011-12-27T19:22:47+0000: [Worker(host:Mushroom pid:4335)] ScanNetwork failed with Timeout::Error: execution expired - 0 failed attempts
2011-12-27T19:27:47+0000: [Worker(host:Mushroom pid:4335)] ScanNetwork failed with Timeout::Error: execution expired - 0 failed attempts
2011-12-27T19:32:48+0000: [Worker(host:Mushroom pid:4335)] ScanNetwork failed with Timeout::Error: execution expired - 0 failed attempts
2011-12-27T19:37:48+0000: [Worker(host:Mushroom pid:4335)] ScanNetwork failed with Timeout::Error: execution expired - 0 failed attempts
2011-12-27T19:37:48+0000: [Worker(host:Mushroom pid:4335)] 4 jobs processed at 0.0033 j/s, 4 failed ...
2011-12-27T19:52:46+0000: [Worker(host:Mushroom pid:4335)] Exiting...
2011-12-27T19:54:43+0000: [Worker(host:Mushroom pid:5048)] Starting job worker
2011-12-27T19:59:43+0000: [Worker(host:Mushroom pid:5048)] ScanNetwork failed with Timeout::Error: execution expired - 0 failed attempts
2011-12-27T19:59:43+0000: [Worker(host:Mushroom pid:5048)] 1 jobs processed at 0.0033 j/s, 1 failed ...
2011-12-27T20:02:59+0000: [Worker(host:Mushroom pid:5048)] Exiting...
2011-12-27T20:02:59+0000: [Worker(host:Mushroom pid:5048)] ScanNetwork failed with IOError: Error parsing XML - 1 failed attempts
2011-12-27T20:10:41+0000: [Worker(host:Mushroom pid:5428)] Starting job worker
2011-12-27T20:15:41+0000: [Worker(host:Mushroom pid:5428)] ScanNetwork failed with Timeout::Error: execution expired - 2 failed attempts
2011-12-27T20:15:41+0000: [Worker(host:Mushroom pid:5428)] PERMANENTLY removing ScanNetwork because of 3 consecutive failures.
2011-12-27T20:20:41+0000: [Worker(host:Mushroom pid:5428)] ScanNetwork failed with Timeout::Error: execution expired - 0 failed attempts
2011-12-27T20:20:41+0000: [Worker(host:Mushroom pid:5428)] 2 jobs processed at 0.0033 j/s, 2 failed ...
2011-12-27T20:27:06+0000: [Worker(host:Mushroom pid:5428)] ScanNetwork failed with Timeout::Error: execution expired - 0 failed attempts
2011-12-27T20:32:06+0000: [Worker(host:Mushroom pid:5428)] ScanNetwork failed with Timeout::Error: execution expired - 0 failed attempts
2011-12-27T20:37:07+0000: [Worker(host:Mushroom pid:5428)] ScanNetwork failed with Timeout::Error: execution expired - 1 failed attempts
2011-12-27T20:42:07+0000: [Worker(host:Mushroom pid:5428)] ScanNetwork failed with Timeout::Error: execution expired - 0 failed attempts
2011-12-27T22:32:18+0000: [Worker(host:Mushroom pid:7068)] Starting job worker
2011-12-27T22:32:19+0000: [Worker(host:Mushroom pid:7068)] ScanNetwork completed after 0.2828
2011-12-27T22:32:19+0000: [Worker(host:Mushroom pid:7068)] ScanNetwork completed after 0.1208
2011-12-27T22:32:19+0000: [Worker(host:Mushroom pid:7068)] ScanNetwork completed after 0.1042
2011-12-27T22:32:19+0000: [Worker(host:Mushroom pid:7068)] ScanNetwork completed after 0.1145
2011-12-27T22:32:20+0000: [Worker(host:Mushroom pid:7068)] ScanNetwork completed after 0.1248
2011-12-27T22:32:20+0000: [Worker(host:Mushroom pid:7068)] ScanNetwork completed after 0.1083
2011-12-27T22:32:20+0000: [Worker(host:Mushroom pid:7068)] 6 jobs processed at 3.7466 j/s, 0 failed ...
2011-12-27T22:32:50+0000: [Worker(host:Mushroom pid:7068)] ScanNetwork completed after 0.1333
2011-12-27T22:32:50+0000: [Worker(host:Mushroom pid:7068)] 1 jobs processed at 3.8784 j/s, 0 failed ...
2011-12-27T22:37:36+0000: [Worker(host:Mushroom pid:7068)] Exiting...
2011-12-27T22:37:48+0000: [Worker(host:Mushroom pid:7204)] Starting job worker
2011-12-27T22:51:30+0000: [Worker(host:Mushroom pid:7204)] ScanNetwork completed after 0.2080
2011-12-27T22:51:30+0000: [Worker(host:Mushroom pid:7204)] 1 jobs processed at 2.9088 j/s, 0 failed ...
2011-12-27T22:59:01+0000: [Worker(host:Mushroom pid:7204)] ScanNetwork completed after 0.0915
2011-12-27T22:59:01+0000: [Worker(host:Mushroom pid:7204)] 1 jobs processed at 4.0357 j/s, 0 failed ...
2011-12-27T23:01:11+0000: [Worker(host:Mushroom pid:7204)] ScanNetwork completed after 0.0921
2011-12-27T23:01:11+0000: [Worker(host:Mushroom pid:7204)] 1 jobs processed at 4.6473 j/s, 0 failed ...
2011-12-27T23:03:04+0000: [Worker(host:Mushroom pid:7204)] Exiting...
2011-12-27T23:03:14+0000: [Worker(host:Mushroom pid:15090)] Starting job worker
2011-12-27T23:09:04+0000: [Worker(host:Mushroom pid:15090)] ScanNetwork failed with Timeout::Error: execution expired - 0 failed attempts
